<?xml version='1.0' encoding='UTF-8'?>
<testsuite hostname="HP20064326" name="Vector3Tests" tests="11" errors="0" failures="0" skipped="0" time="0.035" timestamp="2018-11-27T12:04:19">
                     <properties>
[...]
</properties>
                     <testcase classname="Vector3Tests" name="A one vector should all be one" time="0.035">
                                                 
                                               </testcase><testcase classname="Vector3Tests" name="A zero vector should all be zero" time="0.0">
                                                 
                                               </testcase><testcase classname="Vector3Tests" name="Plus operator does element wise addition of two vectors" time="0.0">
                                                 
                                               </testcase><testcase classname="Vector3Tests" name="Minus operator does element wise addition of two vectors" time="0.0">
                                                 
                                               </testcase><testcase classname="Vector3Tests" name="Multiply operator does element wise addition of two vectors" time="0.0">
                                                 
                                               </testcase><testcase classname="Vector3Tests" name="Divide operator does element wise addition of two vectors" time="0.0">
                                                 
                                               </testcase><testcase classname="Vector3Tests" name="Can compute the length of a 2 vector" time="0.0">
                                                 
                                               </testcase><testcase classname="Vector3Tests" name="Can compute the length^2 of a 2 vector" time="0.0">
                                                 
                                               </testcase><testcase classname="Vector3Tests" name="Can create a unit vector from a vector" time="0.0">
                                                 
                                               </testcase><testcase classname="Vector3Tests" name="Can compute the dot product of 2 vectors" time="0.0">
                                                 
                                               </testcase><testcase classname="Vector3Tests" name="Can compute the cross product of 2 vectors" time="0.0">
                                                 
                                               </testcase>
                     <system-out><![CDATA[]]></system-out>
                     <system-err><![CDATA[]]></system-err>
                   </testsuite>